[ 2017-04-01T22:47:49+08:00 ] 0.0.0.0 /weixinThinkPHP/imooc.php
INFO: [ app_begin ] --START--
INFO: ReadHtmlCache Behavior ::run [ RunTime:0.002000s ]
INFO: [ app_begin ] --END-- [ RunTime:0.002000s ]
NOTIC: [8] Undefined index: nonce C:\wamp\www\weixinThinkPHP\Imooc\Lib\Action\IndexAction.class.php 第 8 行.
NOTIC: [8] Undefined index: timestamp C:\wamp\www\weixinThinkPHP\Imooc\Lib\Action\IndexAction.class.php 第 10 行.
NOTIC: [8] Undefined index: echostr C:\wamp\www\weixinThinkPHP\Imooc\Lib\Action\IndexAction.class.php 第 11 行.
NOTIC: [8] Undefined index: signature C:\wamp\www\weixinThinkPHP\Imooc\Lib\Action\IndexAction.class.php 第 12 行.
NOTIC: [2] curl_close() expects exactly 1 parameter, 0 given C:\wamp\www\weixinThinkPHP\Imooc\Lib\Action\IndexAction.class.php 第 209 行.
NOTIC: [8] Undefined index: HTTP_RAW_POST_DATA C:\wamp\www\weixinThinkPHP\Imooc\Lib\Action\IndexAction.class.php 第 33 行.
NOTIC: [8] Trying to get property of non-object C:\wamp\www\weixinThinkPHP\Imooc\Lib\Action\IndexAction.class.php 第 75 行.
NOTIC: [8] Trying to get property of non-object C:\wamp\www\weixinThinkPHP\Imooc\Lib\Action\IndexAction.class.php 第 76 行.
NOTIC: [8] Trying to get property of non-object C:\wamp\www\weixinThinkPHP\Imooc\Lib\Action\IndexAction.class.php 第 80 行.
NOTIC: [8] Trying to get property of non-object C:\wamp\www\weixinThinkPHP\Imooc\Lib\Action\IndexAction.class.php 第 100 行.
NOTIC: [8] Undefined variable: info C:\wamp\www\weixinThinkPHP\Imooc\Lib\Action\IndexAction.class.php 第 164 行.

[ 2017-04-01T22:48:20+08:00 ] 0.0.0.0 /weixinThinkPHP/imooc.php/Index/index
INFO: [ route_check ] --START--
INFO: CheckRoute Behavior ::run [ RunTime:0.002000s ]
INFO: [ route_check ] --END-- [ RunTime:0.002000s ]
NOTIC: [8192] preg_replace(): The /e modifier is deprecated, use preg_replace_callback instead C:\wamp\www\weixinThinkPHP\ThinkPHP\Lib\Core\Dispatcher.class.php 第 132 行.
INFO: [ app_begin ] --START--
INFO: ReadHtmlCache Behavior ::run [ RunTime:0.001000s ]
INFO: [ app_begin ] --END-- [ RunTime:0.001000s ]
NOTIC: [8] Undefined index: nonce C:\wamp\www\weixinThinkPHP\Imooc\Lib\Action\IndexAction.class.php 第 8 行.
NOTIC: [8] Undefined index: timestamp C:\wamp\www\weixinThinkPHP\Imooc\Lib\Action\IndexAction.class.php 第 10 行.
NOTIC: [8] Undefined index: echostr C:\wamp\www\weixinThinkPHP\Imooc\Lib\Action\IndexAction.class.php 第 11 行.
NOTIC: [8] Undefined index: signature C:\wamp\www\weixinThinkPHP\Imooc\Lib\Action\IndexAction.class.php 第 12 行.
NOTIC: [2] curl_close() expects exactly 1 parameter, 0 given C:\wamp\www\weixinThinkPHP\Imooc\Lib\Action\IndexAction.class.php 第 209 行.
NOTIC: [8] Undefined index: HTTP_RAW_POST_DATA C:\wamp\www\weixinThinkPHP\Imooc\Lib\Action\IndexAction.class.php 第 33 行.
NOTIC: [8] Trying to get property of non-object C:\wamp\www\weixinThinkPHP\Imooc\Lib\Action\IndexAction.class.php 第 75 行.
NOTIC: [8] Trying to get property of non-object C:\wamp\www\weixinThinkPHP\Imooc\Lib\Action\IndexAction.class.php 第 76 行.
NOTIC: [8] Trying to get property of non-object C:\wamp\www\weixinThinkPHP\Imooc\Lib\Action\IndexAction.class.php 第 80 行.
NOTIC: [8] Trying to get property of non-object C:\wamp\www\weixinThinkPHP\Imooc\Lib\Action\IndexAction.class.php 第 100 行.
NOTIC: [8] Undefined variable: info C:\wamp\www\weixinThinkPHP\Imooc\Lib\Action\IndexAction.class.php 第 164 行.

[ 2017-04-01T22:48:27+08:00 ] 0.0.0.0 /weixinThinkPHP/imooc.php/Index/share
INFO: [ route_check ] --START--
INFO: CheckRoute Behavior ::run [ RunTime:0.001000s ]
INFO: [ route_check ] --END-- [ RunTime:0.002000s ]
NOTIC: [8192] preg_replace(): The /e modifier is deprecated, use preg_replace_callback instead C:\wamp\www\weixinThinkPHP\ThinkPHP\Lib\Core\Dispatcher.class.php 第 132 行.
INFO: [ app_begin ] --START--
INFO: ReadHtmlCache Behavior ::run [ RunTime:0.001000s ]
INFO: [ app_begin ] --END-- [ RunTime:0.001000s ]
INFO: [ view_parse ] --START--
NOTIC: [8192] preg_replace(): The /e modifier is deprecated, use preg_replace_callback instead C:\wamp\www\weixinThinkPHP\ThinkPHP\Lib\Template\ThinkTemplate.class.php 第 273 行.
NOTIC: [8192] preg_replace(): The /e modifier is deprecated, use preg_replace_callback instead C:\wamp\www\weixinThinkPHP\ThinkPHP\Lib\Template\ThinkTemplate.class.php 第 168 行.
NOTIC: [8192] preg_replace(): The /e modifier is deprecated, use preg_replace_callback instead C:\wamp\www\weixinThinkPHP\ThinkPHP\Lib\Template\ThinkTemplate.class.php 第 404 行.
NOTIC: [8192] preg_replace(): The /e modifier is deprecated, use preg_replace_callback instead C:\wamp\www\weixinThinkPHP\ThinkPHP\Lib\Template\ThinkTemplate.class.php 第 404 行.
NOTIC: [8192] preg_replace(): The /e modifier is deprecated, use preg_replace_callback instead C:\wamp\www\weixinThinkPHP\ThinkPHP\Lib\Template\ThinkTemplate.class.php 第 404 行.
NOTIC: [8192] preg_replace(): The /e modifier is deprecated, use preg_replace_callback instead C:\wamp\www\weixinThinkPHP\ThinkPHP\Lib\Template\ThinkTemplate.class.php 第 404 行.
NOTIC: [8192] preg_replace(): The /e modifier is deprecated, use preg_replace_callback instead C:\wamp\www\weixinThinkPHP\ThinkPHP\Lib\Template\ThinkTemplate.class.php 第 404 行.
NOTIC: [8192] preg_replace(): The /e modifier is deprecated, use preg_replace_callback instead C:\wamp\www\weixinThinkPHP\ThinkPHP\Lib\Template\ThinkTemplate.class.php 第 404 行.
NOTIC: [8192] preg_replace(): The /e modifier is deprecated, use preg_replace_callback instead C:\wamp\www\weixinThinkPHP\ThinkPHP\Lib\Template\ThinkTemplate.class.php 第 404 行.
NOTIC: [8192] preg_replace(): The /e modifier is deprecated, use preg_replace_callback instead C:\wamp\www\weixinThinkPHP\ThinkPHP\Lib\Template\ThinkTemplate.class.php 第 404 行.
NOTIC: [8192] preg_replace(): The /e modifier is deprecated, use preg_replace_callback instead C:\wamp\www\weixinThinkPHP\ThinkPHP\Lib\Template\ThinkTemplate.class.php 第 404 行.
NOTIC: [8192] preg_replace(): The /e modifier is deprecated, use preg_replace_callback instead C:\wamp\www\weixinThinkPHP\ThinkPHP\Lib\Template\ThinkTemplate.class.php 第 404 行.
NOTIC: [8192] preg_replace(): The /e modifier is deprecated, use preg_replace_callback instead C:\wamp\www\weixinThinkPHP\ThinkPHP\Lib\Template\ThinkTemplate.class.php 第 404 行.
NOTIC: [8192] preg_replace(): The /e modifier is deprecated, use preg_replace_callback instead C:\wamp\www\weixinThinkPHP\ThinkPHP\Lib\Template\ThinkTemplate.class.php 第 404 行.
NOTIC: [8192] preg_replace(): The /e modifier is deprecated, use preg_replace_callback instead C:\wamp\www\weixinThinkPHP\ThinkPHP\Lib\Template\ThinkTemplate.class.php 第 399 行.
NOTIC: [8192] preg_replace(): The /e modifier is deprecated, use preg_replace_callback instead C:\wamp\www\weixinThinkPHP\ThinkPHP\Lib\Template\ThinkTemplate.class.php 第 399 行.
NOTIC: [8192] preg_replace(): The /e modifier is deprecated, use preg_replace_callback instead C:\wamp\www\weixinThinkPHP\ThinkPHP\Lib\Template\ThinkTemplate.class.php 第 404 行.
NOTIC: [8192] preg_replace(): The /e modifier is deprecated, use preg_replace_callback instead C:\wamp\www\weixinThinkPHP\ThinkPHP\Lib\Template\ThinkTemplate.class.php 第 404 行.
NOTIC: [8192] preg_replace(): The /e modifier is deprecated, use preg_replace_callback instead C:\wamp\www\weixinThinkPHP\ThinkPHP\Lib\Template\ThinkTemplate.class.php 第 404 行.
NOTIC: [8192] preg_replace(): The /e modifier is deprecated, use preg_replace_callback instead C:\wamp\www\weixinThinkPHP\ThinkPHP\Lib\Template\ThinkTemplate.class.php 第 399 行.
NOTIC: [8192] preg_replace(): The /e modifier is deprecated, use preg_replace_callback instead C:\wamp\www\weixinThinkPHP\ThinkPHP\Lib\Template\ThinkTemplate.class.php 第 404 行.
NOTIC: [8192] preg_replace(): The /e modifier is deprecated, use preg_replace_callback instead C:\wamp\www\weixinThinkPHP\ThinkPHP\Lib\Template\ThinkTemplate.class.php 第 404 行.
NOTIC: [8192] preg_replace(): The /e modifier is deprecated, use preg_replace_callback instead C:\wamp\www\weixinThinkPHP\ThinkPHP\Lib\Template\ThinkTemplate.class.php 第 404 行.
NOTIC: [8192] preg_replace(): The /e modifier is deprecated, use preg_replace_callback instead C:\wamp\www\weixinThinkPHP\ThinkPHP\Lib\Template\ThinkTemplate.class.php 第 404 行.
NOTIC: [8192] preg_replace(): The /e modifier is deprecated, use preg_replace_callback instead C:\wamp\www\weixinThinkPHP\ThinkPHP\Lib\Template\ThinkTemplate.class.php 第 404 行.
NOTIC: [8192] preg_replace(): The /e modifier is deprecated, use preg_replace_callback instead C:\wamp\www\weixinThinkPHP\ThinkPHP\Lib\Template\ThinkTemplate.class.php 第 404 行.
NOTIC: [8192] preg_replace(): The /e modifier is deprecated, use preg_replace_callback instead C:\wamp\www\weixinThinkPHP\ThinkPHP\Lib\Template\ThinkTemplate.class.php 第 404 行.
NOTIC: [8192] preg_replace(): The /e modifier is deprecated, use preg_replace_callback instead C:\wamp\www\weixinThinkPHP\ThinkPHP\Lib\Template\ThinkTemplate.class.php 第 404 行.
NOTIC: [8192] preg_replace(): The /e modifier is deprecated, use preg_replace_callback instead C:\wamp\www\weixinThinkPHP\ThinkPHP\Lib\Template\ThinkTemplate.class.php 第 404 行.
NOTIC: [8192] preg_replace(): The /e modifier is deprecated, use preg_replace_callback instead C:\wamp\www\weixinThinkPHP\ThinkPHP\Lib\Template\ThinkTemplate.class.php 第 404 行.
NOTIC: [8192] preg_replace(): The /e modifier is deprecated, use preg_replace_callback instead C:\wamp\www\weixinThinkPHP\ThinkPHP\Lib\Template\ThinkTemplate.class.php 第 404 行.
NOTIC: [8192] preg_replace(): The /e modifier is deprecated, use preg_replace_callback instead C:\wamp\www\weixinThinkPHP\ThinkPHP\Lib\Template\ThinkTemplate.class.php 第 404 行.
NOTIC: [8192] preg_replace(): The /e modifier is deprecated, use preg_replace_callback instead C:\wamp\www\weixinThinkPHP\ThinkPHP\Lib\Template\ThinkTemplate.class.php 第 404 行.
NOTIC: [8192] preg_replace(): The /e modifier is deprecated, use preg_replace_callback instead C:\wamp\www\weixinThinkPHP\ThinkPHP\Lib\Template\ThinkTemplate.class.php 第 404 行.
NOTIC: [8192] preg_replace(): The /e modifier is deprecated, use preg_replace_callback instead C:\wamp\www\weixinThinkPHP\ThinkPHP\Lib\Template\ThinkTemplate.class.php 第 404 行.
NOTIC: [8192] preg_replace(): The /e modifier is deprecated, use preg_replace_callback instead C:\wamp\www\weixinThinkPHP\ThinkPHP\Lib\Template\ThinkTemplate.class.php 第 404 行.
NOTIC: [8192] preg_replace(): The /e modifier is deprecated, use preg_replace_callback instead C:\wamp\www\weixinThinkPHP\ThinkPHP\Lib\Template\ThinkTemplate.class.php 第 404 行.
NOTIC: [8192] preg_replace(): The /e modifier is deprecated, use preg_replace_callback instead C:\wamp\www\weixinThinkPHP\ThinkPHP\Lib\Template\ThinkTemplate.class.php 第 404 行.
NOTIC: [8192] preg_replace(): The /e modifier is deprecated, use preg_replace_callback instead C:\wamp\www\weixinThinkPHP\ThinkPHP\Lib\Template\ThinkTemplate.class.php 第 404 行.
NOTIC: [8192] preg_replace(): The /e modifier is deprecated, use preg_replace_callback instead C:\wamp\www\weixinThinkPHP\ThinkPHP\Lib\Template\ThinkTemplate.class.php 第 404 行.
NOTIC: [8192] preg_replace(): The /e modifier is deprecated, use preg_replace_callback instead C:\wamp\www\weixinThinkPHP\ThinkPHP\Lib\Template\ThinkTemplate.class.php 第 404 行.
NOTIC: [8192] preg_replace(): The /e modifier is deprecated, use preg_replace_callback instead C:\wamp\www\weixinThinkPHP\ThinkPHP\Lib\Template\ThinkTemplate.class.php 第 404 行.
NOTIC: [8192] preg_replace(): The /e modifier is deprecated, use preg_replace_callback instead C:\wamp\www\weixinThinkPHP\ThinkPHP\Lib\Template\ThinkTemplate.class.php 第 404 行.
NOTIC: [8192] preg_replace(): The /e modifier is deprecated, use preg_replace_callback instead C:\wamp\www\weixinThinkPHP\ThinkPHP\Lib\Template\ThinkTemplate.class.php 第 404 行.
NOTIC: [8192] preg_replace(): The /e modifier is deprecated, use preg_replace_callback instead C:\wamp\www\weixinThinkPHP\ThinkPHP\Lib\Template\ThinkTemplate.class.php 第 404 行.
NOTIC: [8192] preg_replace(): The /e modifier is deprecated, use preg_replace_callback instead C:\wamp\www\weixinThinkPHP\ThinkPHP\Lib\Template\ThinkTemplate.class.php 第 404 行.
NOTIC: [8192] preg_replace(): The /e modifier is deprecated, use preg_replace_callback instead C:\wamp\www\weixinThinkPHP\ThinkPHP\Lib\Template\ThinkTemplate.class.php 第 404 行.
NOTIC: [8192] preg_replace(): The /e modifier is deprecated, use preg_replace_callback instead C:\wamp\www\weixinThinkPHP\ThinkPHP\Lib\Template\ThinkTemplate.class.php 第 404 行.
NOTIC: [8192] preg_replace(): The /e modifier is deprecated, use preg_replace_callback instead C:\wamp\www\weixinThinkPHP\ThinkPHP\Lib\Template\ThinkTemplate.class.php 第 404 行.
NOTIC: [8192] preg_replace(): The /e modifier is deprecated, use preg_replace_callback instead C:\wamp\www\weixinThinkPHP\ThinkPHP\Lib\Template\ThinkTemplate.class.php 第 404 行.
NOTIC: [8192] preg_replace(): The /e modifier is deprecated, use preg_replace_callback instead C:\wamp\www\weixinThinkPHP\ThinkPHP\Lib\Template\ThinkTemplate.class.php 第 404 行.
NOTIC: [8192] preg_replace(): The /e modifier is deprecated, use preg_replace_callback instead C:\wamp\www\weixinThinkPHP\ThinkPHP\Lib\Template\ThinkTemplate.class.php 第 404 行.
NOTIC: [8192] preg_replace(): The /e modifier is deprecated, use preg_replace_callback instead C:\wamp\www\weixinThinkPHP\ThinkPHP\Lib\Template\ThinkTemplate.class.php 第 404 行.
NOTIC: [8192] preg_replace(): The /e modifier is deprecated, use preg_replace_callback instead C:\wamp\www\weixinThinkPHP\ThinkPHP\Lib\Template\ThinkTemplate.class.php 第 404 行.
NOTIC: [8192] preg_replace(): The /e modifier is deprecated, use preg_replace_callback instead C:\wamp\www\weixinThinkPHP\ThinkPHP\Lib\Template\ThinkTemplate.class.php 第 404 行.
NOTIC: [8192] preg_replace(): The /e modifier is deprecated, use preg_replace_callback instead C:\wamp\www\weixinThinkPHP\ThinkPHP\Lib\Template\ThinkTemplate.class.php 第 404 行.
NOTIC: [8192] preg_replace(): The /e modifier is deprecated, use preg_replace_callback instead C:\wamp\www\weixinThinkPHP\ThinkPHP\Lib\Template\ThinkTemplate.class.php 第 404 行.
NOTIC: [8192] preg_replace(): The /e modifier is deprecated, use preg_replace_callback instead C:\wamp\www\weixinThinkPHP\ThinkPHP\Lib\Template\ThinkTemplate.class.php 第 404 行.
NOTIC: [8192] preg_replace(): The /e modifier is deprecated, use preg_replace_callback instead C:\wamp\www\weixinThinkPHP\ThinkPHP\Lib\Template\ThinkTemplate.class.php 第 404 行.
NOTIC: [8192] preg_replace(): The /e modifier is deprecated, use preg_replace_callback instead C:\wamp\www\weixinThinkPHP\ThinkPHP\Lib\Template\ThinkTemplate.class.php 第 404 行.
NOTIC: [8192] preg_replace(): The /e modifier is deprecated, use preg_replace_callback instead C:\wamp\www\weixinThinkPHP\ThinkPHP\Lib\Template\ThinkTemplate.class.php 第 404 行.
NOTIC: [8192] preg_replace(): The /e modifier is deprecated, use preg_replace_callback instead C:\wamp\www\weixinThinkPHP\ThinkPHP\Lib\Template\ThinkTemplate.class.php 第 404 行.
NOTIC: [8192] preg_replace(): The /e modifier is deprecated, use preg_replace_callback instead C:\wamp\www\weixinThinkPHP\ThinkPHP\Lib\Template\ThinkTemplate.class.php 第 404 行.
NOTIC: [8192] preg_replace(): The /e modifier is deprecated, use preg_replace_callback instead C:\wamp\www\weixinThinkPHP\ThinkPHP\Lib\Template\ThinkTemplate.class.php 第 404 行.
NOTIC: [8192] preg_replace(): The /e modifier is deprecated, use preg_replace_callback instead C:\wamp\www\weixinThinkPHP\ThinkPHP\Lib\Template\ThinkTemplate.class.php 第 404 行.
NOTIC: [8192] preg_replace(): The /e modifier is deprecated, use preg_replace_callback instead C:\wamp\www\weixinThinkPHP\ThinkPHP\Lib\Template\ThinkTemplate.class.php 第 404 行.
NOTIC: [8192] preg_replace(): The /e modifier is deprecated, use preg_replace_callback instead C:\wamp\www\weixinThinkPHP\ThinkPHP\Lib\Template\ThinkTemplate.class.php 第 404 行.
NOTIC: [8192] preg_replace(): The /e modifier is deprecated, use preg_replace_callback instead C:\wamp\www\weixinThinkPHP\ThinkPHP\Lib\Template\ThinkTemplate.class.php 第 404 行.
NOTIC: [8192] preg_replace(): The /e modifier is deprecated, use preg_replace_callback instead C:\wamp\www\weixinThinkPHP\ThinkPHP\Lib\Template\ThinkTemplate.class.php 第 404 行.
NOTIC: [8192] preg_replace(): The /e modifier is deprecated, use preg_replace_callback instead C:\wamp\www\weixinThinkPHP\ThinkPHP\Lib\Template\ThinkTemplate.class.php 第 404 行.
NOTIC: [8192] preg_replace(): The /e modifier is deprecated, use preg_replace_callback instead C:\wamp\www\weixinThinkPHP\ThinkPHP\Lib\Template\ThinkTemplate.class.php 第 404 行.
NOTIC: [8192] preg_replace(): The /e modifier is deprecated, use preg_replace_callback instead C:\wamp\www\weixinThinkPHP\ThinkPHP\Lib\Template\ThinkTemplate.class.php 第 404 行.
NOTIC: [8192] preg_replace(): The /e modifier is deprecated, use preg_replace_callback instead C:\wamp\www\weixinThinkPHP\ThinkPHP\Lib\Template\ThinkTemplate.class.php 第 404 行.
NOTIC: [8192] preg_replace(): The /e modifier is deprecated, use preg_replace_callback instead C:\wamp\www\weixinThinkPHP\ThinkPHP\Lib\Template\ThinkTemplate.class.php 第 404 行.
NOTIC: [8192] preg_replace(): The /e modifier is deprecated, use preg_replace_callback instead C:\wamp\www\weixinThinkPHP\ThinkPHP\Lib\Template\ThinkTemplate.class.php 第 404 行.
NOTIC: [8192] preg_replace(): The /e modifier is deprecated, use preg_replace_callback instead C:\wamp\www\weixinThinkPHP\ThinkPHP\Lib\Template\ThinkTemplate.class.php 第 404 行.
NOTIC: [8192] preg_replace(): The /e modifier is deprecated, use preg_replace_callback instead C:\wamp\www\weixinThinkPHP\ThinkPHP\Lib\Template\ThinkTemplate.class.php 第 404 行.
NOTIC: [8192] preg_replace(): The /e modifier is deprecated, use preg_replace_callback instead C:\wamp\www\weixinThinkPHP\ThinkPHP\Lib\Template\ThinkTemplate.class.php 第 404 行.
NOTIC: [8192] preg_replace(): The /e modifier is deprecated, use preg_replace_callback instead C:\wamp\www\weixinThinkPHP\ThinkPHP\Lib\Template\ThinkTemplate.class.php 第 404 行.
NOTIC: [8192] preg_replace(): The /e modifier is deprecated, use preg_replace_callback instead C:\wamp\www\weixinThinkPHP\ThinkPHP\Lib\Template\ThinkTemplate.class.php 第 404 行.
NOTIC: [8192] preg_replace(): The /e modifier is deprecated, use preg_replace_callback instead C:\wamp\www\weixinThinkPHP\ThinkPHP\Lib\Template\ThinkTemplate.class.php 第 404 行.
NOTIC: [8192] preg_replace(): The /e modifier is deprecated, use preg_replace_callback instead C:\wamp\www\weixinThinkPHP\ThinkPHP\Lib\Template\ThinkTemplate.class.php 第 404 行.
NOTIC: [8192] preg_replace(): The /e modifier is deprecated, use preg_replace_callback instead C:\wamp\www\weixinThinkPHP\ThinkPHP\Lib\Template\ThinkTemplate.class.php 第 404 行.
NOTIC: [8192] preg_replace(): The /e modifier is deprecated, use preg_replace_callback instead C:\wamp\www\weixinThinkPHP\ThinkPHP\Lib\Template\ThinkTemplate.class.php 第 404 行.
NOTIC: [8192] preg_replace(): The /e modifier is deprecated, use preg_replace_callback instead C:\wamp\www\weixinThinkPHP\ThinkPHP\Lib\Template\ThinkTemplate.class.php 第 404 行.
NOTIC: [8192] preg_replace(): The /e modifier is deprecated, use preg_replace_callback instead C:\wamp\www\weixinThinkPHP\ThinkPHP\Lib\Template\ThinkTemplate.class.php 第 404 行.
NOTIC: [8192] preg_replace(): The /e modifier is deprecated, use preg_replace_callback instead C:\wamp\www\weixinThinkPHP\ThinkPHP\Lib\Template\ThinkTemplate.class.php 第 399 行.
NOTIC: [8192] preg_replace(): The /e modifier is deprecated, use preg_replace_callback instead C:\wamp\www\weixinThinkPHP\ThinkPHP\Lib\Template\ThinkTemplate.class.php 第 399 行.
NOTIC: [8192] preg_replace(): The /e modifier is deprecated, use preg_replace_callback instead C:\wamp\www\weixinThinkPHP\ThinkPHP\Lib\Template\ThinkTemplate.class.php 第 399 行.
NOTIC: [8192] preg_replace(): The /e modifier is deprecated, use preg_replace_callback instead C:\wamp\www\weixinThinkPHP\ThinkPHP\Lib\Template\ThinkTemplate.class.php 第 399 行.
NOTIC: [8192] preg_replace(): The /e modifier is deprecated, use preg_replace_callback instead C:\wamp\www\weixinThinkPHP\ThinkPHP\Lib\Template\ThinkTemplate.class.php 第 399 行.
NOTIC: [8192] preg_replace(): The /e modifier is deprecated, use preg_replace_callback instead C:\wamp\www\weixinThinkPHP\ThinkPHP\Lib\Template\ThinkTemplate.class.php 第 399 行.
NOTIC: [8192] preg_replace(): The /e modifier is deprecated, use preg_replace_callback instead C:\wamp\www\weixinThinkPHP\ThinkPHP\Lib\Template\ThinkTemplate.class.php 第 404 行.
NOTIC: [8192] preg_replace(): The /e modifier is deprecated, use preg_replace_callback instead C:\wamp\www\weixinThinkPHP\ThinkPHP\Lib\Template\ThinkTemplate.class.php 第 404 行.
NOTIC: [8192] preg_replace(): The /e modifier is deprecated, use preg_replace_callback instead C:\wamp\www\weixinThinkPHP\ThinkPHP\Lib\Template\ThinkTemplate.class.php 第 404 行.
NOTIC: [8192] preg_replace(): The /e modifier is deprecated, use preg_replace_callback instead C:\wamp\www\weixinThinkPHP\ThinkPHP\Lib\Template\ThinkTemplate.class.php 第 197 行.
NOTIC: [8192] preg_replace(): The /e modifier is deprecated, use preg_replace_callback instead C:\wamp\www\weixinThinkPHP\ThinkPHP\Lib\Template\ThinkTemplate.class.php 第 137 行.
INFO: ParseTemplate Behavior ::run [ RunTime:0.025001s ]
INFO: [ view_parse ] --END-- [ RunTime:0.025001s ]
INFO: [ view_filter ] --START--
INFO: ContentReplace Behavior ::run [ RunTime:0.001000s ]
INFO: TokenBuild Behavior ::run [ RunTime:0.001000s ]
INFO: WriteHtmlCache Behavior ::run [ RunTime:0.001000s ]
INFO: ShowRuntime Behavior ::run [ RunTime:0.002000s ]
INFO: [ view_filter ] --END-- [ RunTime:0.006000s ]
INFO: [ view_end ] --START--
INFO: ShowPageTrace Behavior ::run [ RunTime:0.002001s ]
INFO: [ view_end ] --END-- [ RunTime:0.002001s ]

[ 2017-04-01T22:50:27+08:00 ] 0.0.0.0 /weixinThinkPHP/imooc.php/Index/index
INFO: [ route_check ] --START--
INFO: CheckRoute Behavior ::run [ RunTime:0.002000s ]
INFO: [ route_check ] --END-- [ RunTime:0.002000s ]
NOTIC: [8192] preg_replace(): The /e modifier is deprecated, use preg_replace_callback instead C:\wamp\www\weixinThinkPHP\ThinkPHP\Lib\Core\Dispatcher.class.php 第 132 行.
INFO: [ app_begin ] --START--
INFO: ReadHtmlCache Behavior ::run [ RunTime:0.001000s ]
INFO: [ app_begin ] --END-- [ RunTime:0.001000s ]
NOTIC: [8] Undefined index: nonce C:\wamp\www\weixinThinkPHP\Imooc\Lib\Action\IndexAction.class.php 第 8 行.
NOTIC: [8] Undefined index: timestamp C:\wamp\www\weixinThinkPHP\Imooc\Lib\Action\IndexAction.class.php 第 10 行.
NOTIC: [8] Undefined index: echostr C:\wamp\www\weixinThinkPHP\Imooc\Lib\Action\IndexAction.class.php 第 11 行.
NOTIC: [8] Undefined index: signature C:\wamp\www\weixinThinkPHP\Imooc\Lib\Action\IndexAction.class.php 第 12 行.
NOTIC: [2] curl_close() expects exactly 1 parameter, 0 given C:\wamp\www\weixinThinkPHP\Imooc\Lib\Action\IndexAction.class.php 第 209 行.
NOTIC: [8] Undefined index: HTTP_RAW_POST_DATA C:\wamp\www\weixinThinkPHP\Imooc\Lib\Action\IndexAction.class.php 第 33 行.
NOTIC: [8] Trying to get property of non-object C:\wamp\www\weixinThinkPHP\Imooc\Lib\Action\IndexAction.class.php 第 75 行.
NOTIC: [8] Trying to get property of non-object C:\wamp\www\weixinThinkPHP\Imooc\Lib\Action\IndexAction.class.php 第 76 行.
NOTIC: [8] Trying to get property of non-object C:\wamp\www\weixinThinkPHP\Imooc\Lib\Action\IndexAction.class.php 第 80 行.
NOTIC: [8] Trying to get property of non-object C:\wamp\www\weixinThinkPHP\Imooc\Lib\Action\IndexAction.class.php 第 100 行.
NOTIC: [8] Undefined variable: info C:\wamp\www\weixinThinkPHP\Imooc\Lib\Action\IndexAction.class.php 第 164 行.

[ 2017-04-01T22:50:34+08:00 ] 0.0.0.0 /weixinThinkPHP/imooc.php/Index/index
INFO: [ route_check ] --START--
INFO: CheckRoute Behavior ::run [ RunTime:0.001000s ]
INFO: [ route_check ] --END-- [ RunTime:0.001000s ]
NOTIC: [8192] preg_replace(): The /e modifier is deprecated, use preg_replace_callback instead C:\wamp\www\weixinThinkPHP\ThinkPHP\Lib\Core\Dispatcher.class.php 第 132 行.
INFO: [ app_begin ] --START--
INFO: ReadHtmlCache Behavior ::run [ RunTime:0.001000s ]
INFO: [ app_begin ] --END-- [ RunTime:0.001000s ]
NOTIC: [8] Undefined index: nonce C:\wamp\www\weixinThinkPHP\Imooc\Lib\Action\IndexAction.class.php 第 8 行.
NOTIC: [8] Undefined index: timestamp C:\wamp\www\weixinThinkPHP\Imooc\Lib\Action\IndexAction.class.php 第 10 行.
NOTIC: [8] Undefined index: echostr C:\wamp\www\weixinThinkPHP\Imooc\Lib\Action\IndexAction.class.php 第 11 行.
NOTIC: [8] Undefined index: signature C:\wamp\www\weixinThinkPHP\Imooc\Lib\Action\IndexAction.class.php 第 12 行.
NOTIC: [2] curl_close() expects exactly 1 parameter, 0 given C:\wamp\www\weixinThinkPHP\Imooc\Lib\Action\IndexAction.class.php 第 209 行.
NOTIC: [8] Undefined index: HTTP_RAW_POST_DATA C:\wamp\www\weixinThinkPHP\Imooc\Lib\Action\IndexAction.class.php 第 33 行.
NOTIC: [8] Trying to get property of non-object C:\wamp\www\weixinThinkPHP\Imooc\Lib\Action\IndexAction.class.php 第 75 行.
NOTIC: [8] Trying to get property of non-object C:\wamp\www\weixinThinkPHP\Imooc\Lib\Action\IndexAction.class.php 第 76 行.
NOTIC: [8] Trying to get property of non-object C:\wamp\www\weixinThinkPHP\Imooc\Lib\Action\IndexAction.class.php 第 80 行.
NOTIC: [8] Trying to get property of non-object C:\wamp\www\weixinThinkPHP\Imooc\Lib\Action\IndexAction.class.php 第 100 行.
NOTIC: [8] Undefined variable: info C:\wamp\www\weixinThinkPHP\Imooc\Lib\Action\IndexAction.class.php 第 164 行.

[ 2017-04-01T22:51:37+08:00 ] 0.0.0.0 /weixinThinkPHP/imooc.php/
INFO: [ route_check ] --START--
INFO: CheckRoute Behavior ::run [ RunTime:0.001000s ]
INFO: [ route_check ] --END-- [ RunTime:0.002000s ]
INFO: [ app_begin ] --START--
INFO: ReadHtmlCache Behavior ::run [ RunTime:0.001000s ]
INFO: [ app_begin ] --END-- [ RunTime:0.001000s ]
NOTIC: [8] Undefined index: nonce C:\wamp\www\weixinThinkPHP\Imooc\Lib\Action\IndexAction.class.php 第 8 行.
NOTIC: [8] Undefined index: timestamp C:\wamp\www\weixinThinkPHP\Imooc\Lib\Action\IndexAction.class.php 第 10 行.
NOTIC: [8] Undefined index: echostr C:\wamp\www\weixinThinkPHP\Imooc\Lib\Action\IndexAction.class.php 第 11 行.
NOTIC: [8] Undefined index: signature C:\wamp\www\weixinThinkPHP\Imooc\Lib\Action\IndexAction.class.php 第 12 行.
NOTIC: [2] curl_close() expects exactly 1 parameter, 0 given C:\wamp\www\weixinThinkPHP\Imooc\Lib\Action\IndexAction.class.php 第 209 行.
NOTIC: [8] Undefined index: HTTP_RAW_POST_DATA C:\wamp\www\weixinThinkPHP\Imooc\Lib\Action\IndexAction.class.php 第 33 行.
NOTIC: [8] Trying to get property of non-object C:\wamp\www\weixinThinkPHP\Imooc\Lib\Action\IndexAction.class.php 第 75 行.
NOTIC: [8] Trying to get property of non-object C:\wamp\www\weixinThinkPHP\Imooc\Lib\Action\IndexAction.class.php 第 76 行.
NOTIC: [8] Trying to get property of non-object C:\wamp\www\weixinThinkPHP\Imooc\Lib\Action\IndexAction.class.php 第 80 行.
NOTIC: [8] Trying to get property of non-object C:\wamp\www\weixinThinkPHP\Imooc\Lib\Action\IndexAction.class.php 第 100 行.
NOTIC: [8] Undefined variable: info C:\wamp\www\weixinThinkPHP\Imooc\Lib\Action\IndexAction.class.php 第 164 行.

[ 2017-04-01T22:51:40+08:00 ] 0.0.0.0 /weixinThinkPHP/imooc.php/
INFO: [ route_check ] --START--
INFO: CheckRoute Behavior ::run [ RunTime:0.001000s ]
INFO: [ route_check ] --END-- [ RunTime:0.001000s ]
INFO: [ app_begin ] --START--
INFO: ReadHtmlCache Behavior ::run [ RunTime:0.001000s ]
INFO: [ app_begin ] --END-- [ RunTime:0.001000s ]
NOTIC: [8] Undefined index: nonce C:\wamp\www\weixinThinkPHP\Imooc\Lib\Action\IndexAction.class.php 第 8 行.
NOTIC: [8] Undefined index: timestamp C:\wamp\www\weixinThinkPHP\Imooc\Lib\Action\IndexAction.class.php 第 10 行.
NOTIC: [8] Undefined index: echostr C:\wamp\www\weixinThinkPHP\Imooc\Lib\Action\IndexAction.class.php 第 11 行.
NOTIC: [8] Undefined index: signature C:\wamp\www\weixinThinkPHP\Imooc\Lib\Action\IndexAction.class.php 第 12 行.
NOTIC: [2] curl_close() expects exactly 1 parameter, 0 given C:\wamp\www\weixinThinkPHP\Imooc\Lib\Action\IndexAction.class.php 第 209 行.
NOTIC: [8] Undefined index: HTTP_RAW_POST_DATA C:\wamp\www\weixinThinkPHP\Imooc\Lib\Action\IndexAction.class.php 第 33 行.
NOTIC: [8] Trying to get property of non-object C:\wamp\www\weixinThinkPHP\Imooc\Lib\Action\IndexAction.class.php 第 75 行.
NOTIC: [8] Trying to get property of non-object C:\wamp\www\weixinThinkPHP\Imooc\Lib\Action\IndexAction.class.php 第 76 行.
NOTIC: [8] Trying to get property of non-object C:\wamp\www\weixinThinkPHP\Imooc\Lib\Action\IndexAction.class.php 第 80 行.
NOTIC: [8] Trying to get property of non-object C:\wamp\www\weixinThinkPHP\Imooc\Lib\Action\IndexAction.class.php 第 100 行.
NOTIC: [8] Undefined variable: info C:\wamp\www\weixinThinkPHP\Imooc\Lib\Action\IndexAction.class.php 第 164 行.

[ 2017-04-01T22:51:43+08:00 ] 0.0.0.0 /weixinThinkPHP/imooc.php/
INFO: [ route_check ] --START--
INFO: CheckRoute Behavior ::run [ RunTime:0.001000s ]
INFO: [ route_check ] --END-- [ RunTime:0.001000s ]
INFO: [ app_begin ] --START--
INFO: ReadHtmlCache Behavior ::run [ RunTime:0.001000s ]
INFO: [ app_begin ] --END-- [ RunTime:0.001000s ]
NOTIC: [8] Undefined index: nonce C:\wamp\www\weixinThinkPHP\Imooc\Lib\Action\IndexAction.class.php 第 8 行.
NOTIC: [8] Undefined index: timestamp C:\wamp\www\weixinThinkPHP\Imooc\Lib\Action\IndexAction.class.php 第 10 行.
NOTIC: [8] Undefined index: echostr C:\wamp\www\weixinThinkPHP\Imooc\Lib\Action\IndexAction.class.php 第 11 行.
NOTIC: [8] Undefined index: signature C:\wamp\www\weixinThinkPHP\Imooc\Lib\Action\IndexAction.class.php 第 12 行.
NOTIC: [2] curl_close() expects exactly 1 parameter, 0 given C:\wamp\www\weixinThinkPHP\Imooc\Lib\Action\IndexAction.class.php 第 209 行.
NOTIC: [8] Undefined index: HTTP_RAW_POST_DATA C:\wamp\www\weixinThinkPHP\Imooc\Lib\Action\IndexAction.class.php 第 33 行.
NOTIC: [8] Trying to get property of non-object C:\wamp\www\weixinThinkPHP\Imooc\Lib\Action\IndexAction.class.php 第 75 行.
NOTIC: [8] Trying to get property of non-object C:\wamp\www\weixinThinkPHP\Imooc\Lib\Action\IndexAction.class.php 第 76 行.
NOTIC: [8] Trying to get property of non-object C:\wamp\www\weixinThinkPHP\Imooc\Lib\Action\IndexAction.class.php 第 80 行.
NOTIC: [8] Trying to get property of non-object C:\wamp\www\weixinThinkPHP\Imooc\Lib\Action\IndexAction.class.php 第 100 行.
NOTIC: [8] Undefined variable: info C:\wamp\www\weixinThinkPHP\Imooc\Lib\Action\IndexAction.class.php 第 164 行.

[ 2017-04-01T23:29:34+08:00 ] 0.0.0.0 /weixinThinkPHP/imooc.php/
INFO: [ route_check ] --START--
INFO: CheckRoute Behavior ::run [ RunTime:0.002001s ]
INFO: [ route_check ] --END-- [ RunTime:0.003001s ]
INFO: [ app_begin ] --START--
INFO: ReadHtmlCache Behavior ::run [ RunTime:0.001000s ]
INFO: [ app_begin ] --END-- [ RunTime:0.001000s ]
NOTIC: [8] Undefined index: nonce C:\wamp\www\weixinThinkPHP\Imooc\Lib\Action\IndexAction.class.php 第 8 行.
NOTIC: [8] Undefined index: timestamp C:\wamp\www\weixinThinkPHP\Imooc\Lib\Action\IndexAction.class.php 第 10 行.
NOTIC: [8] Undefined index: echostr C:\wamp\www\weixinThinkPHP\Imooc\Lib\Action\IndexAction.class.php 第 11 行.
NOTIC: [8] Undefined index: signature C:\wamp\www\weixinThinkPHP\Imooc\Lib\Action\IndexAction.class.php 第 12 行.
NOTIC: [2] curl_close() expects exactly 1 parameter, 0 given C:\wamp\www\weixinThinkPHP\Imooc\Lib\Action\IndexAction.class.php 第 209 行.
NOTIC: [8] Undefined index: HTTP_RAW_POST_DATA C:\wamp\www\weixinThinkPHP\Imooc\Lib\Action\IndexAction.class.php 第 33 行.
NOTIC: [8] Trying to get property of non-object C:\wamp\www\weixinThinkPHP\Imooc\Lib\Action\IndexAction.class.php 第 75 行.
NOTIC: [8] Trying to get property of non-object C:\wamp\www\weixinThinkPHP\Imooc\Lib\Action\IndexAction.class.php 第 76 行.
NOTIC: [8] Trying to get property of non-object C:\wamp\www\weixinThinkPHP\Imooc\Lib\Action\IndexAction.class.php 第 80 行.
NOTIC: [8] Trying to get property of non-object C:\wamp\www\weixinThinkPHP\Imooc\Lib\Action\IndexAction.class.php 第 100 行.
NOTIC: [8] Undefined variable: info C:\wamp\www\weixinThinkPHP\Imooc\Lib\Action\IndexAction.class.php 第 164 行.

[ 2017-04-01T23:29:35+08:00 ] 0.0.0.0 /weixinThinkPHP/imooc.php/
INFO: [ route_check ] --START--
INFO: CheckRoute Behavior ::run [ RunTime:0.002000s ]
INFO: [ route_check ] --END-- [ RunTime:0.002000s ]
INFO: [ app_begin ] --START--
INFO: ReadHtmlCache Behavior ::run [ RunTime:0.001000s ]
INFO: [ app_begin ] --END-- [ RunTime:0.003000s ]
NOTIC: [8] Undefined index: nonce C:\wamp\www\weixinThinkPHP\Imooc\Lib\Action\IndexAction.class.php 第 8 行.
NOTIC: [8] Undefined index: timestamp C:\wamp\www\weixinThinkPHP\Imooc\Lib\Action\IndexAction.class.php 第 10 行.
NOTIC: [8] Undefined index: echostr C:\wamp\www\weixinThinkPHP\Imooc\Lib\Action\IndexAction.class.php 第 11 行.
NOTIC: [8] Undefined index: signature C:\wamp\www\weixinThinkPHP\Imooc\Lib\Action\IndexAction.class.php 第 12 行.
NOTIC: [2] curl_close() expects exactly 1 parameter, 0 given C:\wamp\www\weixinThinkPHP\Imooc\Lib\Action\IndexAction.class.php 第 209 行.
NOTIC: [8] Undefined index: HTTP_RAW_POST_DATA C:\wamp\www\weixinThinkPHP\Imooc\Lib\Action\IndexAction.class.php 第 33 行.
NOTIC: [8] Trying to get property of non-object C:\wamp\www\weixinThinkPHP\Imooc\Lib\Action\IndexAction.class.php 第 75 行.
NOTIC: [8] Trying to get property of non-object C:\wamp\www\weixinThinkPHP\Imooc\Lib\Action\IndexAction.class.php 第 76 行.
NOTIC: [8] Trying to get property of non-object C:\wamp\www\weixinThinkPHP\Imooc\Lib\Action\IndexAction.class.php 第 80 行.
NOTIC: [8] Trying to get property of non-object C:\wamp\www\weixinThinkPHP\Imooc\Lib\Action\IndexAction.class.php 第 100 行.
NOTIC: [8] Undefined variable: info C:\wamp\www\weixinThinkPHP\Imooc\Lib\Action\IndexAction.class.php 第 164 行.

[ 2017-04-01T23:32:17+08:00 ] 0.0.0.0 /weixinThinkPHP/imooc.php/Index/index
INFO: [ route_check ] --START--
INFO: CheckRoute Behavior ::run [ RunTime:0.001000s ]
INFO: [ route_check ] --END-- [ RunTime:0.001000s ]
NOTIC: [8192] preg_replace(): The /e modifier is deprecated, use preg_replace_callback instead C:\wamp\www\weixinThinkPHP\ThinkPHP\Lib\Core\Dispatcher.class.php 第 132 行.
INFO: [ app_begin ] --START--
INFO: ReadHtmlCache Behavior ::run [ RunTime:0.001000s ]
INFO: [ app_begin ] --END-- [ RunTime:0.001000s ]
NOTIC: [8] Undefined index: nonce C:\wamp\www\weixinThinkPHP\Imooc\Lib\Action\IndexAction.class.php 第 8 行.
NOTIC: [8] Undefined index: timestamp C:\wamp\www\weixinThinkPHP\Imooc\Lib\Action\IndexAction.class.php 第 10 行.
NOTIC: [8] Undefined index: echostr C:\wamp\www\weixinThinkPHP\Imooc\Lib\Action\IndexAction.class.php 第 11 行.
NOTIC: [8] Undefined index: signature C:\wamp\www\weixinThinkPHP\Imooc\Lib\Action\IndexAction.class.php 第 12 行.
NOTIC: [2] curl_close() expects exactly 1 parameter, 0 given C:\wamp\www\weixinThinkPHP\Imooc\Lib\Action\IndexAction.class.php 第 209 行.
NOTIC: [8] Undefined index: HTTP_RAW_POST_DATA C:\wamp\www\weixinThinkPHP\Imooc\Lib\Action\IndexAction.class.php 第 33 行.
NOTIC: [8] Trying to get property of non-object C:\wamp\www\weixinThinkPHP\Imooc\Lib\Action\IndexAction.class.php 第 75 行.
NOTIC: [8] Trying to get property of non-object C:\wamp\www\weixinThinkPHP\Imooc\Lib\Action\IndexAction.class.php 第 76 行.
NOTIC: [8] Trying to get property of non-object C:\wamp\www\weixinThinkPHP\Imooc\Lib\Action\IndexAction.class.php 第 80 行.
NOTIC: [8] Trying to get property of non-object C:\wamp\www\weixinThinkPHP\Imooc\Lib\Action\IndexAction.class.php 第 100 行.
NOTIC: [8] Undefined variable: info C:\wamp\www\weixinThinkPHP\Imooc\Lib\Action\IndexAction.class.php 第 164 行.

[ 2017-04-01T23:32:20+08:00 ] 0.0.0.0 /weixinThinkPHP/imooc.php/
INFO: [ route_check ] --START--
INFO: CheckRoute Behavior ::run [ RunTime:0.002000s ]
INFO: [ route_check ] --END-- [ RunTime:0.002000s ]
INFO: [ app_begin ] --START--
INFO: ReadHtmlCache Behavior ::run [ RunTime:0.001000s ]
INFO: [ app_begin ] --END-- [ RunTime:0.001000s ]
NOTIC: [8] Undefined index: nonce C:\wamp\www\weixinThinkPHP\Imooc\Lib\Action\IndexAction.class.php 第 8 行.
NOTIC: [8] Undefined index: timestamp C:\wamp\www\weixinThinkPHP\Imooc\Lib\Action\IndexAction.class.php 第 10 行.
NOTIC: [8] Undefined index: echostr C:\wamp\www\weixinThinkPHP\Imooc\Lib\Action\IndexAction.class.php 第 11 行.
NOTIC: [8] Undefined index: signature C:\wamp\www\weixinThinkPHP\Imooc\Lib\Action\IndexAction.class.php 第 12 行.
NOTIC: [2] curl_close() expects exactly 1 parameter, 0 given C:\wamp\www\weixinThinkPHP\Imooc\Lib\Action\IndexAction.class.php 第 209 行.
NOTIC: [8] Undefined index: HTTP_RAW_POST_DATA C:\wamp\www\weixinThinkPHP\Imooc\Lib\Action\IndexAction.class.php 第 33 行.
NOTIC: [8] Trying to get property of non-object C:\wamp\www\weixinThinkPHP\Imooc\Lib\Action\IndexAction.class.php 第 75 行.
NOTIC: [8] Trying to get property of non-object C:\wamp\www\weixinThinkPHP\Imooc\Lib\Action\IndexAction.class.php 第 76 行.
NOTIC: [8] Trying to get property of non-object C:\wamp\www\weixinThinkPHP\Imooc\Lib\Action\IndexAction.class.php 第 80 行.
NOTIC: [8] Trying to get property of non-object C:\wamp\www\weixinThinkPHP\Imooc\Lib\Action\IndexAction.class.php 第 100 行.
NOTIC: [8] Undefined variable: info C:\wamp\www\weixinThinkPHP\Imooc\Lib\Action\IndexAction.class.php 第 164 行.

